<?xml version="1.0" encoding="UTF-8"?>
<!-- Generated by org.testng.reporters.JUnitXMLReporter -->
<testsuite ignored="0" hostname="Nikhils-MacBook-Pro.local" failures="0" tests="8" name="Default test" time="23.771" errors="0" timestamp="14 Aug 2021 18:57:13 GMT">
  <testcase classname="emtHotel.HSearchTest" name="landingPage" time="0.775"/>
  <testcase classname="emtHotel.HSearchTest" name="checkCity" time="0.7"/>
  <testcase classname="emtHotel.HSearchTest" name="sameDates" time="1.094"/>
  <testcase classname="emtHotel.HSearchTest" name="disabledInDates" time="1.375"/>
  <testcase classname="emtHotel.HSearchTest" name="disabledOutDate" time="1.12"/>
  <testcase classname="emtHotel.HSearchTest" name="yestDate" time="2.495"/>
  <testcase classname="emtHotel.HSearchTest" name="daysGap" time="0.941"/>
  <testcase classname="emtHotel.HSearchTest" name="positiveSearch" time="8.986"/>
</testsuite> <!-- Default test -->
